<?xml version="1.0" encoding="UTF-8"?>
<!-- Generated by org.testng.reporters.JUnitXMLReporter -->
<testsuite ignored="0" hostname="LTIN509713" failures="0" tests="3" name="chromeTest" time="20.165" errors="0" timestamp="2024-10-24T15:52:40 IST">
  <testcase classname="miniProject.NewTest" name="getAlert" time="4.968"/>
  <testcase classname="miniProject.NewTest" name="navigate" time="2.505"/>
  <testcase classname="miniProject.NewTest" name="fillLogin" time="1.733"/>
</testsuite> <!-- chromeTest -->
