<?xml version="1.0" encoding="UTF-8"?>
<!-- Generated by org.testng.reporters.JUnitXMLReporter -->
<testsuite ignored="0" hostname="LTIN509713" failures="0" tests="3" name="EdgeTest" time="19.051" errors="0" timestamp="2024-10-24T10:01:43 IST">
  <testcase classname="miniProject.NewTest" name="getAlert" time="4.881"/>
  <testcase classname="miniProject.NewTest" name="navigate" time="1.473"/>
  <testcase classname="miniProject.NewTest" name="fillLogin" time="1.174"/>
</testsuite> <!-- EdgeTest -->
