<?xml version="1.0" encoding="UTF-8"?>
<testng-results ignored="0" total="3" passed="3" failed="0" skipped="0">
  <reporter-output>
  </reporter-output>
  <suite started-at="2024-10-24T15:52:20 IST" name="Suite" finished-at="2024-10-24T15:52:40 IST" duration-ms="20165">
    <groups>
    </groups>
    <test started-at="2024-10-24T15:52:20 IST" name="chromeTest" finished-at="2024-10-24T15:52:40 IST" duration-ms="20165">
      <class name="miniProject.NewTest">
        <test-method is-config="true" signature="setUp(java.lang.String)[pri:0, instance:miniProject.NewTest@3c407114]" started-at="2024-10-24T15:52:20 IST" name="setUp" finished-at="2024-10-24T15:52:27 IST" duration-ms="6991" status="PASS">
          <params>
            <param index="0">
              <value>
                <![CDATA[chrome]]>
              </value>
            </param>
          </params>
          <reporter-output>
          </reporter-output>
        </test-method> <!-- setUp -->
        <test-method signature="getAlert()[pri:1, instance:miniProject.NewTest@3c407114]" started-at="2024-10-24T15:52:27 IST" name="getAlert" finished-at="2024-10-24T15:52:32 IST" duration-ms="4968" status="PASS">
          <reporter-output>
          </reporter-output>
        </test-method> <!-- getAlert -->
        <test-method signature="navigate()[pri:2, instance:miniProject.NewTest@3c407114]" started-at="2024-10-24T15:52:32 IST" name="navigate" finished-at="2024-10-24T15:52:35 IST" duration-ms="2505" status="PASS">
          <reporter-output>
          </reporter-output>
        </test-method> <!-- navigate -->
        <test-method signature="fillLogin()[pri:3, instance:miniProject.NewTest@3c407114]" started-at="2024-10-24T15:52:35 IST" name="fillLogin" finished-at="2024-10-24T15:52:37 IST" duration-ms="1733" status="PASS">
          <reporter-output>
          </reporter-output>
        </test-method> <!-- fillLogin -->
        <test-method is-config="true" signature="tearDown()[pri:0, instance:miniProject.NewTest@3c407114]" started-at="2024-10-24T15:52:37 IST" name="tearDown" finished-at="2024-10-24T15:52:40 IST" duration-ms="3883" status="PASS">
          <reporter-output>
          </reporter-output>
        </test-method> <!-- tearDown -->
      </class> <!-- miniProject.NewTest -->
    </test> <!-- chromeTest -->
  </suite> <!-- Suite -->
</testng-results>
